0 info it worked if it ends with ok
1 verbose cli [ 'C:\\Program Files\\nodejs\\\\node.exe',
1 verbose cli   'C:\\Program Files\\nodejs\\node_modules\\npm\\bin\\npm-cli.js',
1 verbose cli   'install',
1 verbose cli   'dynamicHelpers' ]
2 info using npm@1.4.3
3 info using node@v0.10.26
4 verbose node symlink C:\Program Files\nodejs\\node.exe
5 verbose readDependencies using package.json deps
6 verbose cache add [ 'dynamicHelpers', null ]
7 verbose cache add name=undefined spec="dynamicHelpers" args=["dynamicHelpers",null]
8 verbose parsed url { protocol: null,
8 verbose parsed url   slashes: null,
8 verbose parsed url   auth: null,
8 verbose parsed url   host: null,
8 verbose parsed url   port: null,
8 verbose parsed url   hostname: null,
8 verbose parsed url   hash: null,
8 verbose parsed url   search: null,
8 verbose parsed url   query: null,
8 verbose parsed url   pathname: 'dynamicHelpers',
8 verbose parsed url   path: 'dynamicHelpers',
8 verbose parsed url   href: 'dynamicHelpers' }
9 silly lockFile 4e115d55-dynamicHelpers dynamicHelpers
10 verbose lock dynamicHelpers C:\Users\Administrator\AppData\Roaming\npm-cache\4e115d55-dynamicHelpers.lock
11 silly lockFile 4e115d55-dynamicHelpers dynamicHelpers
12 silly lockFile 4e115d55-dynamicHelpers dynamicHelpers
13 verbose addNamed [ 'dynamicHelpers', '' ]
14 verbose addNamed [ null, '*' ]
15 silly lockFile e869155d-dynamicHelpers dynamicHelpers@
16 verbose lock dynamicHelpers@ C:\Users\Administrator\AppData\Roaming\npm-cache\e869155d-dynamicHelpers.lock
17 silly addNameRange { name: 'dynamicHelpers', range: '*', hasData: false }
18 verbose url raw dynamicHelpers
19 verbose url resolving [ 'https://registry.npmjs.org/', './dynamicHelpers' ]
20 verbose url resolved https://registry.npmjs.org/dynamicHelpers
21 info trying registry request attempt 1 at 00:04:04
22 http GET https://registry.npmjs.org/dynamicHelpers
23 http 404 https://registry.npmjs.org/dynamicHelpers
24 silly registry.get cb [ 404,
24 silly registry.get   { date: 'Fri, 21 Mar 2014 16:04:04 GMT',
24 silly registry.get     server: 'CouchDB/1.5.0 (Erlang OTP/R14B04)',
24 silly registry.get     'content-type': 'application/json',
24 silly registry.get     via: '1.1 varnish',
24 silly registry.get     'cache-control': 'max-age=0',
24 silly registry.get     'content-length': '52',
24 silly registry.get     'accept-ranges': 'bytes',
24 silly registry.get     age: '0',
24 silly registry.get     'x-served-by': 'cache-v36-ASH, cache-ty67-TYO',
24 silly registry.get     'x-cache': 'MISS, MISS',
24 silly registry.get     'x-cache-hits': '0, 0',
24 silly registry.get     'x-timer': 'S1395417844.091296434,VS0,VS-10,VE89,VE270',
24 silly registry.get     'keep-alive': 'timeout=10, max=50',
24 silly registry.get     connection: 'Keep-Alive' } ]
25 silly lockFile e869155d-dynamicHelpers dynamicHelpers@
26 silly lockFile e869155d-dynamicHelpers dynamicHelpers@
27 error 404 'dynamicHelpers' is not in the npm registry.
27 error 404 You should bug the author to publish it
27 error 404 It was specified as a dependency of 'application-name'
27 error 404
27 error 404 Note that you can also install from a
27 error 404 tarball, folder, or http url, or git url.
28 error System Windows_NT 6.1.7601
29 error command "C:\\Program Files\\nodejs\\\\node.exe" "C:\\Program Files\\nodejs\\node_modules\\npm\\bin\\npm-cli.js" "install" "dynamicHelpers"
30 error cwd E:\svncds\cds_nodejs_express_ejs\cdsproject
31 error node -v v0.10.26
32 error npm -v 1.4.3
33 error code E404
34 verbose exit [ 1, true ]
